{"/Users/huangsy16/huangshiyu/Task/repos/vtm/vscode-sftp-proxyjump-1163/src/fileHandlers/transfer/transfer.ts": {"path":"/Users/huangsy16/huangshiyu/Task/repos/vtm/vscode-sftp-proxyjump-1163/src/fileHandlers/transfer/transfer.ts","statementMap":{"0":{"start":{"line":2,"column":16},"end":{"line":10,"column":1}},"1":{"start":{"line":3,"column":28},"end":{"line":3,"column":110}},"2":{"start":{"line":3,"column":91},"end":{"line":3,"column":106}},"3":{"start":{"line":4,"column":4},"end":{"line":9,"column":7}},"4":{"start":{"line":5,"column":36},"end":{"line":5,"column":97}},"5":{"start":{"line":5,"column":42},"end":{"line":5,"column":70}},"6":{"start":{"line":5,"column":85},"end":{"line":5,"column":95}},"7":{"start":{"line":6,"column":35},"end":{"line":6,"column":100}},"8":{"start":{"line":6,"column":41},"end":{"line":6,"column":73}},"9":{"start":{"line":6,"column":88},"end":{"line":6,"column":98}},"10":{"start":{"line":7,"column":32},"end":{"line":7,"column":116}},"11":{"start":{"line":8,"column":8},"end":{"line":8,"column":78}},"12":{"start":{"line":11,"column":0},"end":{"line":11,"column":62}},"13":{"start":{"line":12,"column":0},"end":{"line":12,"column":69}},"14":{"start":{"line":13,"column":15},"end":{"line":13,"column":36}},"15":{"start":{"line":14,"column":0},"end":{"line":14,"column":129}},"16":{"start":{"line":14,"column":91},"end":{"line":14,"column":123}},"17":{"start":{"line":15,"column":16},"end":{"line":15,"column":38}},"18":{"start":{"line":16,"column":17},"end":{"line":16,"column":40}},"19":{"start":{"line":17,"column":15},"end":{"line":17,"column":36}},"20":{"start":{"line":19,"column":4},"end":{"line":21,"column":51}},"21":{"start":{"line":25,"column":4},"end":{"line":25,"column":90}},"22":{"start":{"line":28,"column":4},"end":{"line":32,"column":11}},"23":{"start":{"line":29,"column":32},"end":{"line":29,"column":66}},"24":{"start":{"line":30,"column":8},"end":{"line":30,"column":53}},"25":{"start":{"line":31,"column":8},"end":{"line":31,"column":20}},"26":{"start":{"line":35,"column":4},"end":{"line":50,"column":7}},"27":{"start":{"line":36,"column":77},"end":{"line":36,"column":83}},"28":{"start":{"line":37,"column":8},"end":{"line":39,"column":9}},"29":{"start":{"line":38,"column":12},"end":{"line":38,"column":19}},"30":{"start":{"line":41,"column":8},"end":{"line":41,"column":47}},"31":{"start":{"line":43,"column":8},"end":{"line":46,"column":9}},"32":{"start":{"line":44,"column":12},"end":{"line":44,"column":130}},"33":{"start":{"line":45,"column":12},"end":{"line":45,"column":93}},"34":{"start":{"line":47,"column":28},"end":{"line":47,"column":55}},"35":{"start":{"line":48,"column":8},"end":{"line":48,"column":364}},"36":{"start":{"line":48,"column":50},"end":{"line":48,"column":361}},"37":{"start":{"line":49,"column":8},"end":{"line":49,"column":52}},"38":{"start":{"line":53,"column":4},"end":{"line":68,"column":7}},"39":{"start":{"line":54,"column":8},"end":{"line":56,"column":9}},"40":{"start":{"line":55,"column":12},"end":{"line":55,"column":19}},"41":{"start":{"line":57,"column":8},"end":{"line":67,"column":12}},"42":{"start":{"line":71,"column":4},"end":{"line":105,"column":7}},"43":{"start":{"line":72,"column":8},"end":{"line":104,"column":9}},"44":{"start":{"line":74,"column":16},"end":{"line":74,"column":54}},"45":{"start":{"line":75,"column":16},"end":{"line":75,"column":22}},"46":{"start":{"line":78,"column":16},"end":{"line":86,"column":17}},"47":{"start":{"line":79,"column":55},"end":{"line":79,"column":61}},"48":{"start":{"line":80,"column":20},"end":{"line":80,"column":90}},"49":{"start":{"line":82,"column":20},"end":{"line":85,"column":21}},"50":{"start":{"line":83,"column":24},"end":{"line":83,"column":126}},"51":{"start":{"line":84,"column":24},"end":{"line":84,"column":136}},"52":{"start":{"line":88,"column":16},"end":{"line":98,"column":17}},"53":{"start":{"line":89,"column":42},"end":{"line":89,"column":71}},"54":{"start":{"line":90,"column":37},"end":{"line":90,"column":97}},"55":{"start":{"line":90,"column":63},"end":{"line":90,"column":96}},"56":{"start":{"line":91,"column":20},"end":{"line":97,"column":21}},"57":{"start":{"line":92,"column":24},"end":{"line":92,"column":46}},"58":{"start":{"line":94,"column":37},"end":{"line":94,"column":79}},"59":{"start":{"line":95,"column":24},"end":{"line":95,"column":65}},"60":{"start":{"line":96,"column":24},"end":{"line":96,"column":69}},"61":{"start":{"line":100,"column":16},"end":{"line":100,"column":56}},"62":{"start":{"line":101,"column":16},"end":{"line":101,"column":22}},"63":{"start":{"line":103,"column":16},"end":{"line":103,"column":110}},"64":{"start":{"line":108,"column":4},"end":{"line":125,"column":7}},"65":{"start":{"line":109,"column":8},"end":{"line":111,"column":9}},"66":{"start":{"line":110,"column":12},"end":{"line":110,"column":19}},"67":{"start":{"line":112,"column":8},"end":{"line":124,"column":9}},"68":{"start":{"line":114,"column":16},"end":{"line":114,"column":72}},"69":{"start":{"line":115,"column":16},"end":{"line":115,"column":57}},"70":{"start":{"line":116,"column":16},"end":{"line":116,"column":22}},"71":{"start":{"line":119,"column":16},"end":{"line":119,"column":73}},"72":{"start":{"line":120,"column":16},"end":{"line":120,"column":55}},"73":{"start":{"line":121,"column":16},"end":{"line":121,"column":22}},"74":{"start":{"line":123,"column":16},"end":{"line":123,"column":22}},"75":{"start":{"line":128,"column":4},"end":{"line":267,"column":7}},"76":{"start":{"line":129,"column":96},"end":{"line":129,"column":102}},"77":{"start":{"line":130,"column":8},"end":{"line":132,"column":9}},"78":{"start":{"line":131,"column":12},"end":{"line":131,"column":19}},"79":{"start":{"line":133,"column":29},"end":{"line":133,"column":63}},"80":{"start":{"line":134,"column":26},"end":{"line":259,"column":9}},"81":{"start":{"line":135,"column":33},"end":{"line":135,"column":145}},"82":{"start":{"line":135,"column":76},"end":{"line":135,"column":143}},"83":{"start":{"line":136,"column":33},"end":{"line":136,"column":145}},"84":{"start":{"line":136,"column":76},"end":{"line":136,"column":143}},"85":{"start":{"line":137,"column":31},"end":{"line":137,"column":33}},"86":{"start":{"line":138,"column":30},"end":{"line":138,"column":32}},"87":{"start":{"line":139,"column":29},"end":{"line":139,"column":31}},"88":{"start":{"line":140,"column":31},"end":{"line":140,"column":33}},"89":{"start":{"line":141,"column":30},"end":{"line":141,"column":32}},"90":{"start":{"line":142,"column":12},"end":{"line":209,"column":15}},"91":{"start":{"line":143,"column":32},"end":{"line":143,"column":48}},"92":{"start":{"line":144,"column":32},"end":{"line":144,"column":48}},"93":{"start":{"line":145,"column":16},"end":{"line":145,"column":40}},"94":{"start":{"line":147,"column":16},"end":{"line":187,"column":17}},"95":{"start":{"line":148,"column":20},"end":{"line":150,"column":21}},"96":{"start":{"line":149,"column":24},"end":{"line":149,"column":31}},"97":{"start":{"line":151,"column":31},"end":{"line":151,"column":38}},"98":{"start":{"line":152,"column":29},"end":{"line":152,"column":36}},"99":{"start":{"line":153,"column":36},"end":{"line":153,"column":53}},"100":{"start":{"line":154,"column":20},"end":{"line":185,"column":21}},"101":{"start":{"line":156,"column":28},"end":{"line":156,"column":68}},"102":{"start":{"line":157,"column":28},"end":{"line":157,"column":34}},"103":{"start":{"line":160,"column":28},"end":{"line":167,"column":29}},"104":{"start":{"line":162,"column":32},"end":{"line":166,"column":33}},"105":{"start":{"line":163,"column":36},"end":{"line":163,"column":51}},"106":{"start":{"line":164,"column":36},"end":{"line":164,"column":49}},"107":{"start":{"line":165,"column":36},"end":{"line":165,"column":61}},"108":{"start":{"line":168,"column":28},"end":{"line":172,"column":29}},"109":{"start":{"line":169,"column":32},"end":{"line":171,"column":33}},"110":{"start":{"line":170,"column":36},"end":{"line":170,"column":43}},"111":{"start":{"line":174,"column":28},"end":{"line":181,"column":29}},"112":{"start":{"line":175,"column":32},"end":{"line":180,"column":35}},"113":{"start":{"line":182,"column":28},"end":{"line":182,"column":34}},"114":{"start":{"line":186,"column":20},"end":{"line":186,"column":27}},"115":{"start":{"line":189,"column":16},"end":{"line":191,"column":17}},"116":{"start":{"line":190,"column":20},"end":{"line":190,"column":27}},"117":{"start":{"line":192,"column":31},"end":{"line":192,"column":85}},"118":{"start":{"line":193,"column":16},"end":{"line":208,"column":17}},"119":{"start":{"line":195,"column":24},"end":{"line":195,"column":65}},"120":{"start":{"line":196,"column":24},"end":{"line":196,"column":30}},"121":{"start":{"line":199,"column":24},"end":{"line":204,"column":27}},"122":{"start":{"line":205,"column":24},"end":{"line":205,"column":30}},"123":{"start":{"line":211,"column":12},"end":{"line":251,"column":13}},"124":{"start":{"line":212,"column":16},"end":{"line":233,"column":17}},"125":{"start":{"line":213,"column":20},"end":{"line":232,"column":23}},"126":{"start":{"line":214,"column":37},"end":{"line":214,"column":53}},"127":{"start":{"line":215,"column":39},"end":{"line":215,"column":84}},"128":{"start":{"line":216,"column":24},"end":{"line":231,"column":25}},"129":{"start":{"line":218,"column":32},"end":{"line":218,"column":70}},"130":{"start":{"line":219,"column":32},"end":{"line":219,"column":38}},"131":{"start":{"line":222,"column":32},"end":{"line":227,"column":35}},"132":{"start":{"line":228,"column":32},"end":{"line":228,"column":38}},"133":{"start":{"line":235,"column":17},"end":{"line":251,"column":13}},"134":{"start":{"line":236,"column":16},"end":{"line":250,"column":19}},"135":{"start":{"line":237,"column":33},"end":{"line":237,"column":49}},"136":{"start":{"line":238,"column":20},"end":{"line":238,"column":39}},"137":{"start":{"line":239,"column":20},"end":{"line":249,"column":21}},"138":{"start":{"line":241,"column":28},"end":{"line":241,"column":56}},"139":{"start":{"line":242,"column":28},"end":{"line":242,"column":34}},"140":{"start":{"line":245,"column":28},"end":{"line":245,"column":57}},"141":{"start":{"line":246,"column":28},"end":{"line":246,"column":34}},"142":{"start":{"line":253,"column":12},"end":{"line":253,"column":105}},"143":{"start":{"line":253,"column":39},"end":{"line":253,"column":103}},"144":{"start":{"line":254,"column":12},"end":{"line":254,"column":109}},"145":{"start":{"line":254,"column":38},"end":{"line":254,"column":107}},"146":{"start":{"line":255,"column":37},"end":{"line":255,"column":272}},"147":{"start":{"line":255,"column":90},"end":{"line":255,"column":271}},"148":{"start":{"line":256,"column":36},"end":{"line":256,"column":177}},"149":{"start":{"line":256,"column":69},"end":{"line":256,"column":176}},"150":{"start":{"line":257,"column":32},"end":{"line":257,"column":172}},"151":{"start":{"line":257,"column":64},"end":{"line":257,"column":171}},"152":{"start":{"line":258,"column":12},"end":{"line":258,"column":112}},"153":{"start":{"line":261,"column":8},"end":{"line":261,"column":47}},"154":{"start":{"line":262,"column":22},"end":{"line":265,"column":10}},"155":{"start":{"line":263,"column":47},"end":{"line":263,"column":49}},"156":{"start":{"line":264,"column":53},"end":{"line":264,"column":55}},"157":{"start":{"line":266,"column":8},"end":{"line":266,"column":34}},"158":{"start":{"line":270,"column":4},"end":{"line":274,"column":7}},"159":{"start":{"line":271,"column":21},"end":{"line":271,"column":63}},"160":{"start":{"line":272,"column":31},"end":{"line":272,"column":301}},"161":{"start":{"line":273,"column":8},"end":{"line":273,"column":135}},"162":{"start":{"line":276,"column":0},"end":{"line":276,"column":28}},"163":{"start":{"line":278,"column":4},"end":{"line":282,"column":7}},"164":{"start":{"line":279,"column":24},"end":{"line":279,"column":26}},"165":{"start":{"line":280,"column":8},"end":{"line":280,"column":46}},"166":{"start":{"line":281,"column":8},"end":{"line":281,"column":23}},"167":{"start":{"line":284,"column":0},"end":{"line":284,"column":20}}},"fnMap":{"0":{"name":"(anonymous_0)","decl":{"start":{"line":2,"column":44},"end":{"line":2,"column":45}},"loc":{"start":{"line":2,"column":89},"end":{"line":10,"column":1}},"line":2},"1":{"name":"adopt","decl":{"start":{"line":3,"column":13},"end":{"line":3,"column":18}},"loc":{"start":{"line":3,"column":26},"end":{"line":3,"column":112}},"line":3},"2":{"name":"(anonymous_2)","decl":{"start":{"line":3,"column":70},"end":{"line":3,"column":71}},"loc":{"start":{"line":3,"column":89},"end":{"line":3,"column":108}},"line":3},"3":{"name":"(anonymous_3)","decl":{"start":{"line":4,"column":36},"end":{"line":4,"column":37}},"loc":{"start":{"line":4,"column":63},"end":{"line":9,"column":5}},"line":4},"4":{"name":"fulfilled","decl":{"start":{"line":5,"column":17},"end":{"line":5,"column":26}},"loc":{"start":{"line":5,"column":34},"end":{"line":5,"column":99}},"line":5},"5":{"name":"rejected","decl":{"start":{"line":6,"column":17},"end":{"line":6,"column":25}},"loc":{"start":{"line":6,"column":33},"end":{"line":6,"column":102}},"line":6},"6":{"name":"step","decl":{"start":{"line":7,"column":17},"end":{"line":7,"column":21}},"loc":{"start":{"line":7,"column":30},"end":{"line":7,"column":118}},"line":7},"7":{"name":"(anonymous_7)","decl":{"start":{"line":14,"column":77},"end":{"line":14,"column":78}},"loc":{"start":{"line":14,"column":89},"end":{"line":14,"column":125}},"line":14},"8":{"name":"getAltDirection","decl":{"start":{"line":18,"column":9},"end":{"line":18,"column":24}},"loc":{"start":{"line":18,"column":36},"end":{"line":22,"column":1}},"line":18},"9":{"name":"isFileModified","decl":{"start":{"line":23,"column":9},"end":{"line":23,"column":23}},"loc":{"start":{"line":23,"column":30},"end":{"line":26,"column":1}},"line":23},"10":{"name":"toHash","decl":{"start":{"line":27,"column":9},"end":{"line":27,"column":15}},"loc":{"start":{"line":27,"column":39},"end":{"line":33,"column":1}},"line":27},"11":{"name":"(anonymous_11)","decl":{"start":{"line":28,"column":24},"end":{"line":28,"column":25}},"loc":{"start":{"line":28,"column":40},"end":{"line":32,"column":5}},"line":28},"12":{"name":"transferFolder","decl":{"start":{"line":34,"column":9},"end":{"line":34,"column":23}},"loc":{"start":{"line":34,"column":41},"end":{"line":51,"column":1}},"line":34},"13":{"name":"(anonymous_13)","decl":{"start":{"line":35,"column":43},"end":{"line":35,"column":44}},"loc":{"start":{"line":35,"column":56},"end":{"line":50,"column":5}},"line":35},"14":{"name":"(anonymous_14)","decl":{"start":{"line":48,"column":42},"end":{"line":48,"column":43}},"loc":{"start":{"line":48,"column":50},"end":{"line":48,"column":361}},"line":48},"15":{"name":"transferFile","decl":{"start":{"line":52,"column":9},"end":{"line":52,"column":21}},"loc":{"start":{"line":52,"column":49},"end":{"line":69,"column":1}},"line":52},"16":{"name":"(anonymous_16)","decl":{"start":{"line":53,"column":43},"end":{"line":53,"column":44}},"loc":{"start":{"line":53,"column":56},"end":{"line":68,"column":5}},"line":53},"17":{"name":"transferWithType","decl":{"start":{"line":70,"column":9},"end":{"line":70,"column":25}},"loc":{"start":{"line":70,"column":53},"end":{"line":106,"column":1}},"line":70},"18":{"name":"(anonymous_18)","decl":{"start":{"line":71,"column":43},"end":{"line":71,"column":44}},"loc":{"start":{"line":71,"column":56},"end":{"line":105,"column":5}},"line":71},"19":{"name":"(anonymous_19)","decl":{"start":{"line":90,"column":56},"end":{"line":90,"column":57}},"loc":{"start":{"line":90,"column":63},"end":{"line":90,"column":96}},"line":90},"20":{"name":"removeFile","decl":{"start":{"line":107,"column":9},"end":{"line":107,"column":19}},"loc":{"start":{"line":107,"column":48},"end":{"line":126,"column":1}},"line":107},"21":{"name":"(anonymous_21)","decl":{"start":{"line":108,"column":43},"end":{"line":108,"column":44}},"loc":{"start":{"line":108,"column":56},"end":{"line":125,"column":5}},"line":108},"22":{"name":"_sync","decl":{"start":{"line":127,"column":9},"end":{"line":127,"column":14}},"loc":{"start":{"line":127,"column":41},"end":{"line":268,"column":1}},"line":127},"23":{"name":"(anonymous_23)","decl":{"start":{"line":128,"column":43},"end":{"line":128,"column":44}},"loc":{"start":{"line":128,"column":56},"end":{"line":267,"column":5}},"line":128},"24":{"name":"(anonymous_24)","decl":{"start":{"line":134,"column":26},"end":{"line":134,"column":27}},"loc":{"start":{"line":134,"column":62},"end":{"line":259,"column":9}},"line":134},"25":{"name":"(anonymous_25)","decl":{"start":{"line":135,"column":62},"end":{"line":135,"column":63}},"loc":{"start":{"line":135,"column":76},"end":{"line":135,"column":143}},"line":135},"26":{"name":"(anonymous_26)","decl":{"start":{"line":136,"column":62},"end":{"line":136,"column":63}},"loc":{"start":{"line":136,"column":76},"end":{"line":136,"column":143}},"line":136},"27":{"name":"(anonymous_27)","decl":{"start":{"line":142,"column":46},"end":{"line":142,"column":47}},"loc":{"start":{"line":142,"column":52},"end":{"line":209,"column":13}},"line":142},"28":{"name":"(anonymous_28)","decl":{"start":{"line":213,"column":54},"end":{"line":213,"column":55}},"loc":{"start":{"line":213,"column":60},"end":{"line":232,"column":21}},"line":213},"29":{"name":"(anonymous_29)","decl":{"start":{"line":236,"column":50},"end":{"line":236,"column":51}},"loc":{"start":{"line":236,"column":56},"end":{"line":250,"column":17}},"line":236},"30":{"name":"(anonymous_30)","decl":{"start":{"line":253,"column":31},"end":{"line":253,"column":32}},"loc":{"start":{"line":253,"column":39},"end":{"line":253,"column":103}},"line":253},"31":{"name":"(anonymous_31)","decl":{"start":{"line":254,"column":30},"end":{"line":254,"column":31}},"loc":{"start":{"line":254,"column":38},"end":{"line":254,"column":107}},"line":254},"32":{"name":"(anonymous_32)","decl":{"start":{"line":255,"column":52},"end":{"line":255,"column":53}},"loc":{"start":{"line":255,"column":90},"end":{"line":255,"column":271}},"line":255},"33":{"name":"(anonymous_33)","decl":{"start":{"line":256,"column":50},"end":{"line":256,"column":51}},"loc":{"start":{"line":256,"column":69},"end":{"line":256,"column":176}},"line":256},"34":{"name":"(anonymous_34)","decl":{"start":{"line":257,"column":45},"end":{"line":257,"column":46}},"loc":{"start":{"line":257,"column":64},"end":{"line":257,"column":171}},"line":257},"35":{"name":"(anonymous_35)","decl":{"start":{"line":263,"column":40},"end":{"line":263,"column":41}},"loc":{"start":{"line":263,"column":47},"end":{"line":263,"column":49}},"line":263},"36":{"name":"(anonymous_36)","decl":{"start":{"line":264,"column":46},"end":{"line":264,"column":47}},"loc":{"start":{"line":264,"column":53},"end":{"line":264,"column":55}},"line":264},"37":{"name":"transfer","decl":{"start":{"line":269,"column":9},"end":{"line":269,"column":17}},"loc":{"start":{"line":269,"column":35},"end":{"line":275,"column":1}},"line":269},"38":{"name":"(anonymous_38)","decl":{"start":{"line":270,"column":43},"end":{"line":270,"column":44}},"loc":{"start":{"line":270,"column":56},"end":{"line":274,"column":5}},"line":270},"39":{"name":"sync","decl":{"start":{"line":277,"column":9},"end":{"line":277,"column":13}},"loc":{"start":{"line":277,"column":31},"end":{"line":283,"column":1}},"line":277},"40":{"name":"(anonymous_40)","decl":{"start":{"line":278,"column":43},"end":{"line":278,"column":44}},"loc":{"start":{"line":278,"column":56},"end":{"line":282,"column":5}},"line":278}},"branchMap":{"0":{"loc":{"start":{"line":2,"column":16},"end":{"line":10,"column":1}},"type":"binary-expr","locations":[{"start":{"line":2,"column":17},"end":{"line":2,"column":21}},{"start":{"line":2,"column":25},"end":{"line":2,"column":39}},{"start":{"line":2,"column":44},"end":{"line":10,"column":1}}],"line":2},"1":{"loc":{"start":{"line":3,"column":35},"end":{"line":3,"column":109}},"type":"cond-expr","locations":[{"start":{"line":3,"column":56},"end":{"line":3,"column":61}},{"start":{"line":3,"column":64},"end":{"line":3,"column":109}}],"line":3},"2":{"loc":{"start":{"line":4,"column":16},"end":{"line":4,"column":34}},"type":"binary-expr","locations":[{"start":{"line":4,"column":16},"end":{"line":4,"column":17}},{"start":{"line":4,"column":22},"end":{"line":4,"column":33}}],"line":4},"3":{"loc":{"start":{"line":7,"column":32},"end":{"line":7,"column":115}},"type":"cond-expr","locations":[{"start":{"line":7,"column":46},"end":{"line":7,"column":67}},{"start":{"line":7,"column":70},"end":{"line":7,"column":115}}],"line":7},"4":{"loc":{"start":{"line":8,"column":51},"end":{"line":8,"column":67}},"type":"binary-expr","locations":[{"start":{"line":8,"column":51},"end":{"line":8,"column":61}},{"start":{"line":8,"column":65},"end":{"line":8,"column":67}}],"line":8},"5":{"loc":{"start":{"line":19,"column":11},"end":{"line":21,"column":50}},"type":"cond-expr","locations":[{"start":{"line":20,"column":10},"end":{"line":20,"column":50}},{"start":{"line":21,"column":10},"end":{"line":21,"column":50}}],"line":19},"6":{"loc":{"start":{"line":25,"column":11},"end":{"line":25,"column":89}},"type":"binary-expr","locations":[{"start":{"line":25,"column":11},"end":{"line":25,"column":68}},{"start":{"line":25,"column":72},"end":{"line":25,"column":89}}],"line":25},"7":{"loc":{"start":{"line":29,"column":32},"end":{"line":29,"column":66}},"type":"cond-expr","locations":[{"start":{"line":29,"column":44},"end":{"line":29,"column":59}},{"start":{"line":29,"column":62},"end":{"line":29,"column":66}}],"line":29},"8":{"loc":{"start":{"line":37,"column":8},"end":{"line":39,"column":9}},"type":"if","locations":[{"start":{"line":37,"column":8},"end":{"line":39,"column":9}},{"start":{},"end":{}}],"line":37},"9":{"loc":{"start":{"line":37,"column":12},"end":{"line":37,"column":69}},"type":"binary-expr","locations":[{"start":{"line":37,"column":12},"end":{"line":37,"column":33}},{"start":{"line":37,"column":37},"end":{"line":37,"column":69}}],"line":37},"10":{"loc":{"start":{"line":43,"column":8},"end":{"line":46,"column":9}},"type":"if","locations":[{"start":{"line":43,"column":8},"end":{"line":46,"column":9}},{"start":{},"end":{}}],"line":43},"11":{"loc":{"start":{"line":54,"column":8},"end":{"line":56,"column":9}},"type":"if","locations":[{"start":{"line":54,"column":8},"end":{"line":56,"column":9}},{"start":{},"end":{}}],"line":54},"12":{"loc":{"start":{"line":54,"column":12},"end":{"line":54,"column":90}},"type":"binary-expr","locations":[{"start":{"line":54,"column":12},"end":{"line":54,"column":40}},{"start":{"line":54,"column":44},"end":{"line":54,"column":90}}],"line":54},"13":{"loc":{"start":{"line":72,"column":8},"end":{"line":104,"column":9}},"type":"switch","locations":[{"start":{"line":73,"column":12},"end":{"line":75,"column":22}},{"start":{"line":76,"column":12},"end":{"line":76,"column":38}},{"start":{"line":77,"column":12},"end":{"line":101,"column":22}},{"start":{"line":102,"column":12},"end":{"line":103,"column":110}}],"line":72},"14":{"loc":{"start":{"line":78,"column":16},"end":{"line":86,"column":17}},"type":"if","locations":[{"start":{"line":78,"column":16},"end":{"line":86,"column":17}},{"start":{},"end":{}}],"line":78},"15":{"loc":{"start":{"line":82,"column":20},"end":{"line":85,"column":21}},"type":"if","locations":[{"start":{"line":82,"column":20},"end":{"line":85,"column":21}},{"start":{},"end":{}}],"line":82},"16":{"loc":{"start":{"line":88,"column":16},"end":{"line":98,"column":17}},"type":"if","locations":[{"start":{"line":88,"column":16},"end":{"line":98,"column":17}},{"start":{},"end":{}}],"line":88},"17":{"loc":{"start":{"line":91,"column":20},"end":{"line":97,"column":21}},"type":"if","locations":[{"start":{"line":91,"column":20},"end":{"line":97,"column":21}},{"start":{},"end":{}}],"line":91},"18":{"loc":{"start":{"line":91,"column":24},"end":{"line":91,"column":74}},"type":"binary-expr","locations":[{"start":{"line":91,"column":24},"end":{"line":91,"column":32}},{"start":{"line":91,"column":36},"end":{"line":91,"column":54}},{"start":{"line":91,"column":58},"end":{"line":91,"column":74}}],"line":91},"19":{"loc":{"start":{"line":109,"column":8},"end":{"line":111,"column":9}},"type":"if","locations":[{"start":{"line":109,"column":8},"end":{"line":111,"column":9}},{"start":{},"end":{}}],"line":109},"20":{"loc":{"start":{"line":109,"column":12},"end":{"line":109,"column":48}},"type":"binary-expr","locations":[{"start":{"line":109,"column":12},"end":{"line":109,"column":25}},{"start":{"line":109,"column":29},"end":{"line":109,"column":48}}],"line":109},"21":{"loc":{"start":{"line":112,"column":8},"end":{"line":124,"column":9}},"type":"switch","locations":[{"start":{"line":113,"column":12},"end":{"line":116,"column":22}},{"start":{"line":117,"column":12},"end":{"line":117,"column":38}},{"start":{"line":118,"column":12},"end":{"line":121,"column":22}},{"start":{"line":122,"column":12},"end":{"line":123,"column":22}}],"line":112},"22":{"loc":{"start":{"line":130,"column":8},"end":{"line":132,"column":9}},"type":"if","locations":[{"start":{"line":130,"column":8},"end":{"line":132,"column":9}},{"start":{},"end":{}}],"line":130},"23":{"loc":{"start":{"line":130,"column":12},"end":{"line":130,"column":69}},"type":"binary-expr","locations":[{"start":{"line":130,"column":12},"end":{"line":130,"column":33}},{"start":{"line":130,"column":37},"end":{"line":130,"column":69}}],"line":130},"24":{"loc":{"start":{"line":147,"column":16},"end":{"line":187,"column":17}},"type":"if","locations":[{"start":{"line":147,"column":16},"end":{"line":187,"column":17}},{"start":{},"end":{}}],"line":147},"25":{"loc":{"start":{"line":148,"column":20},"end":{"line":150,"column":21}},"type":"if","locations":[{"start":{"line":148,"column":20},"end":{"line":150,"column":21}},{"start":{},"end":{}}],"line":148},"26":{"loc":{"start":{"line":154,"column":20},"end":{"line":185,"column":21}},"type":"switch","locations":[{"start":{"line":155,"column":24},"end":{"line":157,"column":34}},{"start":{"line":158,"column":24},"end":{"line":158,"column":50}},{"start":{"line":159,"column":24},"end":{"line":182,"column":34}},{"start":{"line":183,"column":24},"end":{"line":183,"column":32}}],"line":154},"27":{"loc":{"start":{"line":160,"column":28},"end":{"line":167,"column":29}},"type":"if","locations":[{"start":{"line":160,"column":28},"end":{"line":167,"column":29}},{"start":{},"end":{}}],"line":160},"28":{"loc":{"start":{"line":162,"column":32},"end":{"line":166,"column":33}},"type":"if","locations":[{"start":{"line":162,"column":32},"end":{"line":166,"column":33}},{"start":{},"end":{}}],"line":162},"29":{"loc":{"start":{"line":168,"column":28},"end":{"line":172,"column":29}},"type":"if","locations":[{"start":{"line":168,"column":28},"end":{"line":172,"column":29}},{"start":{},"end":{}}],"line":168},"30":{"loc":{"start":{"line":169,"column":32},"end":{"line":171,"column":33}},"type":"if","locations":[{"start":{"line":169,"column":32},"end":{"line":171,"column":33}},{"start":{},"end":{}}],"line":169},"31":{"loc":{"start":{"line":174,"column":28},"end":{"line":181,"column":29}},"type":"if","locations":[{"start":{"line":174,"column":28},"end":{"line":181,"column":29}},{"start":{},"end":{}}],"line":174},"32":{"loc":{"start":{"line":189,"column":16},"end":{"line":191,"column":17}},"type":"if","locations":[{"start":{"line":189,"column":16},"end":{"line":191,"column":17}},{"start":{},"end":{}}],"line":189},"33":{"loc":{"start":{"line":193,"column":16},"end":{"line":208,"column":17}},"type":"switch","locations":[{"start":{"line":194,"column":20},"end":{"line":196,"column":30}},{"start":{"line":197,"column":20},"end":{"line":197,"column":46}},{"start":{"line":198,"column":20},"end":{"line":205,"column":30}},{"start":{"line":206,"column":20},"end":{"line":206,"column":28}}],"line":193},"34":{"loc":{"start":{"line":211,"column":12},"end":{"line":251,"column":13}},"type":"if","locations":[{"start":{"line":211,"column":12},"end":{"line":251,"column":13}},{"start":{"line":235,"column":17},"end":{"line":251,"column":13}}],"line":211},"35":{"loc":{"start":{"line":212,"column":16},"end":{"line":233,"column":17}},"type":"if","locations":[{"start":{"line":212,"column":16},"end":{"line":233,"column":17}},{"start":{},"end":{}}],"line":212},"36":{"loc":{"start":{"line":216,"column":24},"end":{"line":231,"column":25}},"type":"switch","locations":[{"start":{"line":217,"column":28},"end":{"line":219,"column":38}},{"start":{"line":220,"column":28},"end":{"line":220,"column":54}},{"start":{"line":221,"column":28},"end":{"line":228,"column":38}},{"start":{"line":229,"column":28},"end":{"line":229,"column":36}}],"line":216},"37":{"loc":{"start":{"line":235,"column":17},"end":{"line":251,"column":13}},"type":"if","locations":[{"start":{"line":235,"column":17},"end":{"line":251,"column":13}},{"start":{},"end":{}}],"line":235},"38":{"loc":{"start":{"line":239,"column":20},"end":{"line":249,"column":21}},"type":"switch","locations":[{"start":{"line":240,"column":24},"end":{"line":242,"column":34}},{"start":{"line":243,"column":24},"end":{"line":243,"column":50}},{"start":{"line":244,"column":24},"end":{"line":246,"column":34}},{"start":{"line":247,"column":24},"end":{"line":247,"column":32}}],"line":239},"39":{"loc":{"start":{"line":272,"column":162},"end":{"line":272,"column":225}},"type":"cond-expr","locations":[{"start":{"line":272,"column":201},"end":{"line":272,"column":207}},{"start":{"line":272,"column":210},"end":{"line":272,"column":225}}],"line":272},"40":{"loc":{"start":{"line":272,"column":162},"end":{"line":272,"column":198}},"type":"binary-expr","locations":[{"start":{"line":272,"column":162},"end":{"line":272,"column":177}},{"start":{"line":272,"column":181},"end":{"line":272,"column":198}}],"line":272},"41":{"loc":{"start":{"line":272,"column":236},"end":{"line":272,"column":298}},"type":"cond-expr","locations":[{"start":{"line":272,"column":275},"end":{"line":272,"column":281}},{"start":{"line":272,"column":284},"end":{"line":272,"column":298}}],"line":272},"42":{"loc":{"start":{"line":272,"column":236},"end":{"line":272,"column":272}},"type":"binary-expr","locations":[{"start":{"line":272,"column":236},"end":{"line":272,"column":251}},{"start":{"line":272,"column":255},"end":{"line":272,"column":272}}],"line":272}},"s":{"0":3,"1":136,"2":3,"3":124,"4":136,"5":136,"6":0,"7":0,"8":0,"9":0,"10":260,"11":124,"12":3,"13":3,"14":3,"15":3,"16":23,"17":3,"18":3,"19":3,"20":27,"21":28,"22":54,"23":124,"24":124,"25":124,"26":3,"27":3,"28":3,"29":0,"30":3,"31":3,"32":1,"33":1,"34":3,"35":3,"36":5,"37":3,"38":52,"39":52,"40":2,"41":50,"42":13,"43":13,"44":3,"45":3,"46":9,"47":4,"48":4,"49":4,"50":1,"51":1,"52":9,"53":8,"54":8,"55":2,"56":8,"57":1,"58":1,"59":1,"60":1,"61":9,"62":9,"63":1,"64":8,"65":8,"66":0,"67":8,"68":3,"69":3,"70":3,"71":5,"72":5,"73":5,"74":0,"75":27,"76":27,"77":27,"78":0,"79":27,"80":27,"81":27,"82":64,"83":27,"84":60,"85":27,"86":27,"87":27,"88":27,"89":27,"90":27,"91":64,"92":64,"93":64,"94":64,"95":46,"96":2,"97":44,"98":44,"99":44,"100":44,"101":14,"102":14,"103":30,"104":13,"105":7,"106":7,"107":7,"108":30,"109":3,"110":2,"111":28,"112":27,"113":28,"114":42,"115":18,"116":4,"117":14,"118":14,"119":0,"120":0,"121":14,"122":14,"123":27,"124":7,"125":4,"126":2,"127":2,"128":2,"129":0,"130":0,"131":2,"132":2,"133":20,"134":7,"135":8,"136":8,"137":8,"138":3,"139":3,"140":5,"141":5,"142":27,"143":5,"144":27,"145":3,"146":27,"147":43,"148":27,"149":0,"150":27,"151":14,"152":27,"153":27,"154":27,"155":0,"156":0,"157":27,"158":8,"159":8,"160":8,"161":8,"162":3,"163":13,"164":13,"165":13,"166":13,"167":3},"f":{"0":124,"1":136,"2":3,"3":124,"4":136,"5":0,"6":260,"7":23,"8":27,"9":28,"10":54,"11":124,"12":3,"13":3,"14":5,"15":52,"16":52,"17":13,"18":13,"19":2,"20":8,"21":8,"22":27,"23":27,"24":27,"25":64,"26":60,"27":64,"28":2,"29":8,"30":5,"31":3,"32":43,"33":0,"34":14,"35":0,"36":0,"37":8,"38":8,"39":13,"40":13},"b":{"0":[3,3,3],"1":[133,3],"2":[124,124],"3":[124,136],"4":[124,124],"5":[27,0],"6":[28,1],"7":[124,0],"8":[0,3],"9":[3,1],"10":[1,2],"11":[2,50],"12":[52,3],"13":[3,9,9,1],"14":[4,5],"15":[1,3],"16":[8,1],"17":[1,7],"18":[8,7,1],"19":[0,8],"20":[8,0],"21":[3,5,5,0],"22":[0,27],"23":[27,0],"24":[46,18],"25":[2,44],"26":[14,30,30,0],"27":[13,17],"28":[7,6],"29":[3,27],"30":[2,1],"31":[27,1],"32":[4,14],"33":[0,14,14,0],"34":[7,20],"35":[4,3],"36":[0,2,2,0],"37":[7,13],"38":[3,5,5,0],"39":[0,8],"40":[8,8],"41":[0,8],"42":[8,8]},"_coverageSchema":"1a1c01bbd47fc00a2c39e90264f33305004495a9","hash":"cbbda3ab2bfce1b3de7f95a59570e990a46f11c0"}
}
