{"total": {"lines":{"total":153,"covered":142,"skipped":0,"pct":92.81},"statements":{"total":168,"covered":153,"skipped":0,"pct":91.07},"functions":{"total":41,"covered":37,"skipped":0,"pct":90.24},"branches":{"total":100,"covered":84,"skipped":0,"pct":84},"branchesTrue":{"total":0,"covered":0,"skipped":0,"pct":"Unknown"}}
,"/Users/huangsy16/huangshiyu/Task/repos/vtm/vscode-sftp-proxyjump-1163/src/fileHandlers/transfer/transfer.ts": {"lines":{"total":153,"covered":142,"skipped":0,"pct":92.81},"functions":{"total":41,"covered":37,"skipped":0,"pct":90.24},"statements":{"total":168,"covered":153,"skipped":0,"pct":91.07},"branches":{"total":100,"covered":84,"skipped":0,"pct":84}}
}
